{"D:\\NodeJS\\gulp-decomment\\index.js":{"path":"D:\\NodeJS\\gulp-decomment\\index.js","s":{"1":1,"2":1,"3":1,"4":1,"5":6,"6":6,"7":1,"8":1,"9":5,"10":1,"11":4,"12":4,"13":4,"14":1,"15":4,"16":1,"17":1,"18":1,"19":1,"20":1},"b":{"1":[1,5],"2":[1,4]},"f":{"1":6,"2":6,"3":4,"4":1,"5":1},"fnMap":{"1":{"name":"main","line":7,"loc":{"start":{"line":7,"column":0},"end":{"line":7,"column":29}}},"2":{"name":"(anonymous_2)","line":8,"loc":{"start":{"line":8,"column":23},"end":{"line":8,"column":48}}},"3":{"name":"gulpDecomment","line":22,"loc":{"start":{"line":22,"column":0},"end":{"line":22,"column":32}}},"4":{"name":"(anonymous_4)","line":26,"loc":{"start":{"line":26,"column":21},"end":{"line":26,"column":40}}},"5":{"name":"(anonymous_5)","line":30,"loc":{"start":{"line":30,"column":21},"end":{"line":30,"column":40}}}},"statementMap":{"1":{"start":{"line":3,"column":0},"end":{"line":3,"column":36}},"2":{"start":{"line":4,"column":0},"end":{"line":4,"column":39}},"3":{"start":{"line":5,"column":0},"end":{"line":5,"column":53}},"4":{"start":{"line":7,"column":0},"end":{"line":20,"column":1}},"5":{"start":{"line":8,"column":4},"end":{"line":19,"column":7}},"6":{"start":{"line":9,"column":8},"end":{"line":12,"column":9}},"7":{"start":{"line":10,"column":12},"end":{"line":10,"column":27}},"8":{"start":{"line":11,"column":12},"end":{"line":11,"column":19}},"9":{"start":{"line":13,"column":8},"end":{"line":15,"column":9}},"10":{"start":{"line":14,"column":12},"end":{"line":14,"column":78}},"11":{"start":{"line":16,"column":8},"end":{"line":16,"column":76}},"12":{"start":{"line":17,"column":8},"end":{"line":17,"column":24}},"13":{"start":{"line":18,"column":8},"end":{"line":18,"column":20}},"14":{"start":{"line":22,"column":0},"end":{"line":24,"column":1}},"15":{"start":{"line":23,"column":4},"end":{"line":23,"column":36}},"16":{"start":{"line":26,"column":0},"end":{"line":28,"column":2}},"17":{"start":{"line":27,"column":4},"end":{"line":27,"column":41}},"18":{"start":{"line":30,"column":0},"end":{"line":32,"column":2}},"19":{"start":{"line":31,"column":4},"end":{"line":31,"column":41}},"20":{"start":{"line":34,"column":0},"end":{"line":34,"column":31}}},"branchMap":{"1":{"line":9,"type":"if","locations":[{"start":{"line":9,"column":8},"end":{"line":9,"column":8}},{"start":{"line":9,"column":8},"end":{"line":9,"column":8}}]},"2":{"line":13,"type":"if","locations":[{"start":{"line":13,"column":8},"end":{"line":13,"column":8}},{"start":{"line":13,"column":8},"end":{"line":13,"column":8}}]}}}}